<?xml version="1.0" encoding="UTF-8"?>
<!-- Generated by org.testng.reporters.JUnitReportReporter -->
<testsuite hostname="HDC4-L-03221HV" failures="0" tests="1" name="greenkart.testcase.TC_SearchTest" time="0.866" errors="0" timestamp="2021-08-23T18:24:48 IST" skipped="0">
  <testcase classname="greenkart.testcase.TC_SearchTest" name="searchTestcase" time="0.866"/>
  <system-out/>
</testsuite> <!-- greenkart.testcase.TC_SearchTest -->
